2025-12-06T16:38:09 | touched: scripts/interact.js
2025-03-27T17:19:28 | touched: scripts/deploy.js
2026-01-08T06:43:06 | touched: hardhat.config.js
2025-06-24T10:07:35 | touched: package.json
2026-01-03T21:57:23 | touched: hardhat.config.js
2025-12-28T04:58:03 | touched: scripts/frontend-integration.js
2025-11-13T01:32:46 | touched: scripts/frontend-integration.js
2025-06-16T08:17:23 | touched: scripts/interact.js
2025-11-19T16:56:52 | touched: test/Blockchain.test.js
2025-04-26T17:39:36 | touched: LICENSE
2025-07-28T23:56:49 | touched: scripts/cli.js
2025-01-03T04:04:06 | touched: scripts/deploy.js
2025-12-07T16:48:41 | touched: scripts/frontend-integration.js
2025-08-28T01:15:30 | touched: scripts/cli.js
2025-02-02T18:55:00 | touched: scripts/api-server.js
2025-07-28T00:30:20 | touched: scripts/api-server.js
2025-01-26T15:48:22 | touched: scripts/frontend-integration.js
2025-04-28T12:29:33 | touched: README.md
2025-11-10T00:48:00 | touched: contracts/Blockchain.sol
2025-12-16T11:26:51 | touched: scripts/api-server.js
2025-02-18T19:01:20 | touched: README.md
2025-02-04T23:20:28 | touched: scripts/cli.js
2025-04-11T16:56:57 | touched: hardhat.config.js
2025-01-13T22:49:37 | touched: .env.example
2025-05-18T12:04:12 | touched: scripts/interact.js
2025-09-20T20:04:39 | touched: .env.example
2025-06-25T04:16:24 | touched: scripts/cli.js
